{"/Users/thanhpcc/Documents/Thanhpcc/petproject/index.js": {"path":"/Users/thanhpcc/Documents/Thanhpcc/petproject/index.js","statementMap":{"0":{"start":{"line":13,"column":0},"end":{"line":13,"column":54}},"1":{"start":{"line":13,"column":50},"end":{"line":13,"column":53}}},"fnMap":{"0":{"name":"(anonymous_0)","decl":{"start":{"line":13,"column":44},"end":{"line":13,"column":45}},"loc":{"start":{"line":13,"column":50},"end":{"line":13,"column":53}},"line":13}},"branchMap":{},"s":{"0":0,"1":0},"f":{"0":0},"b":{}}
,"/Users/thanhpcc/Documents/Thanhpcc/petproject/jest-transforme.js": {"path":"/Users/thanhpcc/Documents/Thanhpcc/petproject/jest-transforme.js","statementMap":{"0":{"start":{"line":1,"column":15},"end":{"line":17,"column":1}},"1":{"start":{"line":18,"column":0},"end":{"line":18,"column":65}}},"fnMap":{},"branchMap":{},"s":{"0":0,"1":0},"f":{},"b":{}}
,"/Users/thanhpcc/Documents/Thanhpcc/petproject/jest.config.js": {"path":"/Users/thanhpcc/Documents/Thanhpcc/petproject/jest.config.js","statementMap":{"0":{"start":{"line":1,"column":32},"end":{"line":1,"column":58}},"1":{"start":{"line":2,"column":19},"end":{"line":2,"column":51}},"2":{"start":{"line":4,"column":0},"end":{"line":36,"column":1}}},"fnMap":{},"branchMap":{},"s":{"0":0,"1":0,"2":0},"f":{},"b":{}}
,"/Users/thanhpcc/Documents/Thanhpcc/petproject/metro.config.js": {"path":"/Users/thanhpcc/Documents/Thanhpcc/petproject/metro.config.js","statementMap":{"0":{"start":{"line":10,"column":28},"end":{"line":10,"column":60}},"1":{"start":{"line":11,"column":30},"end":{"line":11,"column":73}},"2":{"start":{"line":12,"column":29},"end":{"line":12,"column":52}},"3":{"start":{"line":14,"column":0},"end":{"line":29,"column":4}},"4":{"start":{"line":15,"column":24},"end":{"line":15,"column":48}},"5":{"start":{"line":16,"column":2},"end":{"line":28,"column":4}}},"fnMap":{"0":{"name":"(anonymous_0)","decl":{"start":{"line":14,"column":18},"end":{"line":14,"column":19}},"loc":{"start":{"line":14,"column":30},"end":{"line":29,"column":1}},"line":14}},"branchMap":{},"s":{"0":0,"1":0,"2":0,"3":0,"4":0,"5":0},"f":{"0":0},"b":{}}
,"/Users/thanhpcc/Documents/Thanhpcc/petproject/react-native.config.js": {"path":"/Users/thanhpcc/Documents/Thanhpcc/petproject/react-native.config.js","statementMap":{"0":{"start":{"line":1,"column":0},"end":{"line":3,"column":1}}},"fnMap":{},"branchMap":{},"s":{"0":0},"f":{},"b":{}}
,"/Users/thanhpcc/Documents/Thanhpcc/petproject/app/config/env.dev.js": {"path":"/Users/thanhpcc/Documents/Thanhpcc/petproject/app/config/env.dev.js","statementMap":{"0":{"start":{"line":1,"column":0},"end":{"line":5,"column":1}}},"fnMap":{},"branchMap":{},"s":{"0":0},"f":{},"b":{}}
,"/Users/thanhpcc/Documents/Thanhpcc/petproject/app/config/env.js": {"path":"/Users/thanhpcc/Documents/Thanhpcc/petproject/app/config/env.js","statementMap":{"0":{"start":{"line":1,"column":0},"end":{"line":1,"column":71}}},"fnMap":{},"branchMap":{"0":{"loc":{"start":{"line":1,"column":17},"end":{"line":1,"column":71}},"type":"cond-expr","locations":[{"start":{"line":1,"column":27},"end":{"line":1,"column":47}},{"start":{"line":1,"column":50},"end":{"line":1,"column":71}}],"line":1}},"s":{"0":0},"f":{},"b":{"0":[0,0]}}
,"/Users/thanhpcc/Documents/Thanhpcc/petproject/app/config/env.prod.js": {"path":"/Users/thanhpcc/Documents/Thanhpcc/petproject/app/config/env.prod.js","statementMap":{"0":{"start":{"line":1,"column":0},"end":{"line":5,"column":1}}},"fnMap":{},"branchMap":{},"s":{"0":0},"f":{},"b":{}}
,"/Users/thanhpcc/Documents/Thanhpcc/petproject/e2e/firstTest.spec.js": {"path":"/Users/thanhpcc/Documents/Thanhpcc/petproject/e2e/firstTest.spec.js","statementMap":{"0":{"start":{"line":4,"column":22},"end":{"line":4,"column":41}},"1":{"start":{"line":6,"column":0},"end":{"line":19,"column":2}},"2":{"start":{"line":7,"column":2},"end":{"line":9,"column":4}},"3":{"start":{"line":8,"column":4},"end":{"line":8,"column":21}},"4":{"start":{"line":11,"column":2},"end":{"line":13,"column":4}},"5":{"start":{"line":12,"column":4},"end":{"line":12,"column":63}},"6":{"start":{"line":15,"column":2},"end":{"line":18,"column":4}},"7":{"start":{"line":16,"column":4},"end":{"line":16,"column":52}},"8":{"start":{"line":17,"column":4},"end":{"line":17,"column":60}}},"fnMap":{"0":{"name":"(anonymous_0)","decl":{"start":{"line":6,"column":20},"end":{"line":6,"column":21}},"loc":{"start":{"line":6,"column":26},"end":{"line":19,"column":1}},"line":6},"1":{"name":"(anonymous_1)","decl":{"start":{"line":7,"column":13},"end":{"line":7,"column":14}},"loc":{"start":{"line":7,"column":25},"end":{"line":9,"column":3}},"line":7},"2":{"name":"(anonymous_2)","decl":{"start":{"line":11,"column":35},"end":{"line":11,"column":36}},"loc":{"start":{"line":11,"column":47},"end":{"line":13,"column":3}},"line":11},"3":{"name":"(anonymous_3)","decl":{"start":{"line":15,"column":43},"end":{"line":15,"column":44}},"loc":{"start":{"line":15,"column":55},"end":{"line":18,"column":3}},"line":15}},"branchMap":{},"s":{"0":0,"1":0,"2":0,"3":0,"4":0,"5":0,"6":0,"7":0,"8":0},"f":{"0":0,"1":0,"2":0,"3":0},"b":{}}
,"/Users/thanhpcc/Documents/Thanhpcc/petproject/e2e/init.js": {"path":"/Users/thanhpcc/Documents/Thanhpcc/petproject/e2e/init.js","statementMap":{"0":{"start":{"line":1,"column":14},"end":{"line":1,"column":30}},"1":{"start":{"line":2,"column":15},"end":{"line":2,"column":47}},"2":{"start":{"line":3,"column":16},"end":{"line":3,"column":53}},"3":{"start":{"line":5,"column":0},"end":{"line":5,"column":23}},"4":{"start":{"line":6,"column":0},"end":{"line":6,"column":37}},"5":{"start":{"line":8,"column":0},"end":{"line":11,"column":2}},"6":{"start":{"line":9,"column":2},"end":{"line":9,"column":26}},"7":{"start":{"line":10,"column":2},"end":{"line":10,"column":26}},"8":{"start":{"line":13,"column":0},"end":{"line":15,"column":2}},"9":{"start":{"line":14,"column":2},"end":{"line":14,"column":28}},"10":{"start":{"line":17,"column":0},"end":{"line":20,"column":2}},"11":{"start":{"line":18,"column":2},"end":{"line":18,"column":26}},"12":{"start":{"line":19,"column":2},"end":{"line":19,"column":23}}},"fnMap":{"0":{"name":"(anonymous_0)","decl":{"start":{"line":8,"column":10},"end":{"line":8,"column":11}},"loc":{"start":{"line":8,"column":22},"end":{"line":11,"column":1}},"line":8},"1":{"name":"(anonymous_1)","decl":{"start":{"line":13,"column":11},"end":{"line":13,"column":12}},"loc":{"start":{"line":13,"column":23},"end":{"line":15,"column":1}},"line":13},"2":{"name":"(anonymous_2)","decl":{"start":{"line":17,"column":9},"end":{"line":17,"column":10}},"loc":{"start":{"line":17,"column":21},"end":{"line":20,"column":1}},"line":17}},"branchMap":{},"s":{"0":0,"1":0,"2":0,"3":0,"4":0,"5":0,"6":0,"7":0,"8":0,"9":0,"10":0,"11":0,"12":0},"f":{"0":0,"1":0,"2":0},"b":{}}
,"/Users/thanhpcc/Documents/Thanhpcc/petproject/e2e/reload.js": {"path":"/Users/thanhpcc/Documents/Thanhpcc/petproject/e2e/reload.js","statementMap":{"0":{"start":{"line":1,"column":25},"end":{"line":1,"column":63}},"1":{"start":{"line":1,"column":37},"end":{"line":1,"column":63}}},"fnMap":{"0":{"name":"(anonymous_0)","decl":{"start":{"line":1,"column":25},"end":{"line":1,"column":26}},"loc":{"start":{"line":1,"column":37},"end":{"line":1,"column":63}},"line":1}},"branchMap":{},"s":{"0":0,"1":0},"f":{"0":0},"b":{}}
}
